Using pre-set license
Built from '2020.3/staging' branch; Version is '2020.3.9f1 (108be757e447) revision 1084391'; Using compiler version '192528614'; Build Type 'Release'
OS: 'Windows 10 Pro; OS build 19045.4046; Version 2009; 64bit' Language: 'ko' Physical Memory: 32502 MB
BatchMode: 1, IsHumanControllingUs: 0, StartBugReporterOnCrash: 0, Is64bit: 1, IsPro: 0

 COMMAND LINE ARGUMENTS:
C:\Program Files\Unity\Editor\Unity.exe
-adb2
-batchMode
-noUpm
-name
AssetImportWorker0
-projectPath
C:/Users/jiwon/Documents/workspace/My project
-logFile
Logs/AssetImportWorker0.log
-srvPort
56720
Successfully changed project path to: C:/Users/jiwon/Documents/workspace/My project
C:/Users/jiwon/Documents/workspace/My project
Using Asset Import Pipeline V2.
Refreshing native plugins compatible for Editor in 41.72 ms, found 4 plugins.
Preloading 0 native plugins for Editor in 0.00 ms.
Initialize engine version: 2020.3.9f1 (108be757e447)
[Subsystems] Discovering subsystems at path C:/Program Files/Unity/Editor/Data/Resources/UnitySubsystems
[Subsystems] Discovering subsystems at path C:/Users/jiwon/Documents/workspace/My project/Assets
GfxDevice: creating device client; threaded=0
Direct3D:
    Version:  Direct3D 11.0 [level 11.1]
    Renderer: NVIDIA GeForce RTX 4060 Ti (ID=0x2803)
    Vendor:   
    VRAM:     7949 MB
    Driver:   31.0.15.5152
Initialize mono
Mono path[0] = 'C:/Program Files/Unity/Editor/Data/Managed'
Mono path[1] = 'C:/Program Files/Unity/Editor/Data/MonoBleedingEdge/lib/mono/unityjit'
Mono config path = 'C:/Program Files/Unity/Editor/Data/MonoBleedingEdge/etc'
Using monoOptions --debugger-agent=transport=dt_socket,embedding=1,server=y,suspend=n,address=127.0.0.1:56528
Begin MonoManager ReloadAssembly
Registering precompiled unity dll's ...
Register platform support module: C:/Program Files/Unity/Editor/Data/PlaybackEngines/WindowsStandaloneSupport/UnityEditor.WindowsStandalone.Extensions.dll
Registered in 0.001147 seconds.
Native extension for WindowsStandalone target not found
Refreshing native plugins compatible for Editor in 45.24 ms, found 4 plugins.
Preloading 0 native plugins for Editor in 0.00 ms.
Mono: successfully reloaded assembly
- Completed reload, in  1.709 seconds
Platform modules already initialized, skipping
Registering precompiled user dll's ...
Registered in 0.030071 seconds.
Begin MonoManager ReloadAssembly
Native extension for WindowsStandalone target not found
Refreshing native plugins compatible for Editor in 28.01 ms, found 4 plugins.
Preloading 0 native plugins for Editor in 0.00 ms.
[ScriptCompilation] NOT recompiling all scripts because this is an import worker process. Reason to compile was: Define symbols changed
NullReferenceException: Object reference not set to an instance of an object
  at ZEPETO.World.Editor.WorldEditorSettings.IsZaizai () [0x00014] in <c723ad8419a1443b99dfb846a9c79f4c>:0 
  at ZEPETO.World.Editor.WorldEditorSettings.SelectDevelopment () [0x00000] in <c723ad8419a1443b99dfb846a9c79f4c>:0 
  at ZEPETO.World.Editor.WorldEditorSettings.get_Development () [0x0000d] in <c723ad8419a1443b99dfb846a9c79f4c>:0 
  at ZEPETO.World.Editor.WorldEnvironmentInitializer.MultiplaySettingInitialize () [0x00001] in <d8548534cfa74279927506f432cee71f>:0 
  at ZEPETO.World.Editor.WorldEnvironmentInitializer.InitializeOnLoadMethod () [0x00001] in <d8548534cfa74279927506f432cee71f>:0 

NullReferenceException: Object reference not set to an instance of an object
  at ZEPETO.World.Editor.WorldEditorSettings.IsZaizai () [0x00014] in <c723ad8419a1443b99dfb846a9c79f4c>:0 
  at ZEPETO.World.Editor.WorldEditorSettings.SelectDevelopment () [0x00000] in <c723ad8419a1443b99dfb846a9c79f4c>:0 
  at ZEPETO.World.Editor.WorldEditorSettings.get_Development () [0x0000d] in <c723ad8419a1443b99dfb846a9c79f4c>:0 
  at ZEPETO.World.Editor.WorldEditorSettings.get_BuiltinSettings () [0x00000] in <c723ad8419a1443b99dfb846a9c79f4c>:0 
  at ZEPETO.World.Editor.WorldEditorSettings.get_ActiveSetting () [0x00023] in <c723ad8419a1443b99dfb846a9c79f4c>:0 
  at ZEPETO.World.Editor.EditorPropertyRequestService.RequestPropertiesAsync[T] (System.String key) [0x00001] in <d8548534cfa74279927506f432cee71f>:0 
  at ZEPETO.World.Editor.EngineSettings.LoadEngineSettings () [0x00001] in <d8548534cfa74279927506f432cee71f>:0 
  at ZEPETO.World.Editor.EngineSettings.Initialize () [0x00052] in <d8548534cfa74279927506f432cee71f>:0 

NullReferenceException: Object reference not set to an instance of an object
  at ZEPETO.World.Editor.WorldEditorSettings.IsZaizai () [0x00014] in <c723ad8419a1443b99dfb846a9c79f4c>:0 
  at ZEPETO.World.Editor.WorldEditorSettings.SelectDevelopment () [0x00000] in <c723ad8419a1443b99dfb846a9c79f4c>:0 
  at ZEPETO.World.Editor.WorldEditorSettings.get_Development () [0x0000d] in <c723ad8419a1443b99dfb846a9c79f4c>:0 
  at ZEPETO.World.Editor.WorldEditorSettings.get_BuiltinSettings () [0x00000] in <c723ad8419a1443b99dfb846a9c79f4c>:0 
  at ZEPETO.World.Editor.WorldEditorSettings.get_ActiveSetting () [0x00023] in <c723ad8419a1443b99dfb846a9c79f4c>:0 
  at ZEPETO.World.Editor.EditorPropertyRequestService.RequestPropertiesAsync[T] (System.String key) [0x00001] in <d8548534cfa74279927506f432cee71f>:0 
  at ZEPETO.World.Editor.ForbiddenTypes.LoadForbiddenTypes () [0x00001] in <d8548534cfa74279927506f432cee71f>:0 
  at ZEPETO.World.Editor.ForbiddenTypes.Initialize () [0x00052] in <d8548534cfa74279927506f432cee71f>:0 

NullReferenceException: Object reference not set to an instance of an object
  at ZEPETO.World.Editor.WorldPackageEditorUtils.GetDeserializedWorldPackageInfo () [0x00016] in <d8548534cfa74279927506f432cee71f>:0 
  at ZEPETO.World.Editor.WorldPackageEditorUtils.GetFieldValue[T] (System.String field) [0x00001] in <d8548534cfa74279927506f432cee71f>:0 
  at ZEPETO.World.Editor.WorldPackageEditorUtils.get_ZepetoMinVersion () [0x00000] in <d8548534cfa74279927506f432cee71f>:0 
  at ZEPETO.World.Editor.Editor.WorldEditorInitializer.EditorInitializer () [0x00001] in <d8548534cfa74279927506f432cee71f>:0 

Mono: successfully reloaded assembly
- Completed reload, in  0.880 seconds
Platform modules already initialized, skipping
========================================================================
Worker process is ready to serve import requests
Launched and connected shader compiler UnityShaderCompiler.exe after 0.03 seconds
Refreshing native plugins compatible for Editor in 0.72 ms, found 4 plugins.
Preloading 0 native plugins for Editor in 0.00 ms.
Unloading 1955 Unused Serialized files (Serialized files now loaded: 0)
System memory in use before: 99.8 MB.
System memory in use after: 99.9 MB.

Unloading 112 unused Assets to reduce memory usage. Loaded Objects now: 2643.
Total: 1.891400 ms (FindLiveObjects: 0.181200 ms CreateObjectMapping: 0.039100 ms MarkObjects: 1.573100 ms  DeleteObjects: 0.096800 ms)

========================================================================
Received Prepare
Registering precompiled user dll's ...
Registered in 0.021499 seconds.
Begin MonoManager ReloadAssembly
Native extension for WindowsStandalone target not found
Refreshing native plugins compatible for Editor in 0.68 ms, found 4 plugins.
Preloading 0 native plugins for Editor in 0.00 ms.
[ScriptCompilation] NOT recompiling all scripts because this is an import worker process. Reason to compile was: Define symbols changed
NullReferenceException: Object reference not set to an instance of an object
  at ZEPETO.World.Editor.WorldEditorSettings.IsZaizai () [0x00014] in <c723ad8419a1443b99dfb846a9c79f4c>:0 
  at ZEPETO.World.Editor.WorldEditorSettings.SelectDevelopment () [0x00000] in <c723ad8419a1443b99dfb846a9c79f4c>:0 
  at ZEPETO.World.Editor.WorldEditorSettings.get_Development () [0x0000d] in <c723ad8419a1443b99dfb846a9c79f4c>:0 
  at ZEPETO.World.Editor.WorldEnvironmentInitializer.MultiplaySettingInitialize () [0x00001] in <d8548534cfa74279927506f432cee71f>:0 
  at ZEPETO.World.Editor.WorldEnvironmentInitializer.InitializeOnLoadMethod () [0x00001] in <d8548534cfa74279927506f432cee71f>:0 

NullReferenceException: Object reference not set to an instance of an object
  at ZEPETO.World.Editor.WorldEditorSettings.IsZaizai () [0x00014] in <c723ad8419a1443b99dfb846a9c79f4c>:0 
  at ZEPETO.World.Editor.WorldEditorSettings.SelectDevelopment () [0x00000] in <c723ad8419a1443b99dfb846a9c79f4c>:0 
  at ZEPETO.World.Editor.WorldEditorSettings.get_Development () [0x0000d] in <c723ad8419a1443b99dfb846a9c79f4c>:0 
  at ZEPETO.World.Editor.WorldEditorSettings.get_BuiltinSettings () [0x00000] in <c723ad8419a1443b99dfb846a9c79f4c>:0 
  at ZEPETO.World.Editor.WorldEditorSettings.get_ActiveSetting () [0x00023] in <c723ad8419a1443b99dfb846a9c79f4c>:0 
  at ZEPETO.World.Editor.EditorPropertyRequestService.RequestPropertiesAsync[T] (System.String key) [0x00001] in <d8548534cfa74279927506f432cee71f>:0 
  at ZEPETO.World.Editor.EngineSettings.LoadEngineSettings () [0x00001] in <d8548534cfa74279927506f432cee71f>:0 
  at ZEPETO.World.Editor.EngineSettings.Initialize () [0x00052] in <d8548534cfa74279927506f432cee71f>:0 

NullReferenceException: Object reference not set to an instance of an object
  at ZEPETO.World.Editor.WorldEditorSettings.IsZaizai () [0x00014] in <c723ad8419a1443b99dfb846a9c79f4c>:0 
  at ZEPETO.World.Editor.WorldEditorSettings.SelectDevelopment () [0x00000] in <c723ad8419a1443b99dfb846a9c79f4c>:0 
  at ZEPETO.World.Editor.WorldEditorSettings.get_Development () [0x0000d] in <c723ad8419a1443b99dfb846a9c79f4c>:0 
  at ZEPETO.World.Editor.WorldEditorSettings.get_BuiltinSettings () [0x00000] in <c723ad8419a1443b99dfb846a9c79f4c>:0 
  at ZEPETO.World.Editor.WorldEditorSettings.get_ActiveSetting () [0x00023] in <c723ad8419a1443b99dfb846a9c79f4c>:0 
  at ZEPETO.World.Editor.EditorPropertyRequestService.RequestPropertiesAsync[T] (System.String key) [0x00001] in <d8548534cfa74279927506f432cee71f>:0 
  at ZEPETO.World.Editor.ForbiddenTypes.LoadForbiddenTypes () [0x00001] in <d8548534cfa74279927506f432cee71f>:0 
  at ZEPETO.World.Editor.ForbiddenTypes.Initialize () [0x00052] in <d8548534cfa74279927506f432cee71f>:0 

NullReferenceException: Object reference not set to an instance of an object
  at ZEPETO.World.Editor.WorldPackageEditorUtils.GetDeserializedWorldPackageInfo () [0x00016] in <d8548534cfa74279927506f432cee71f>:0 
  at ZEPETO.World.Editor.WorldPackageEditorUtils.GetFieldValue[T] (System.String field) [0x00001] in <d8548534cfa74279927506f432cee71f>:0 
  at ZEPETO.World.Editor.WorldPackageEditorUtils.get_ZepetoMinVersion () [0x00000] in <d8548534cfa74279927506f432cee71f>:0 
  at ZEPETO.World.Editor.Editor.WorldEditorInitializer.EditorInitializer () [0x00001] in <d8548534cfa74279927506f432cee71f>:0 

Mono: successfully reloaded assembly
- Completed reload, in  0.662 seconds
Platform modules already initialized, skipping
Refreshing native plugins compatible for Editor in 0.78 ms, found 4 plugins.
Preloading 0 native plugins for Editor in 0.00 ms.
Unloading 1879 Unused Serialized files (Serialized files now loaded: 0)
System memory in use before: 95.2 MB.
System memory in use after: 95.4 MB.

Unloading 105 unused Assets to reduce memory usage. Loaded Objects now: 2742.
Total: 1.849700 ms (FindLiveObjects: 0.192900 ms CreateObjectMapping: 0.036100 ms MarkObjects: 1.588500 ms  DeleteObjects: 0.031600 ms)

========================================================================
Received Import Request.
  path: Assets/SampleScript.ts
  artifactKey: Guid(3d25bf9424e714998970af8697d33163) Importer(815301076,1909f56bfc062723c751e8b465ee728b)
Start importing Assets/SampleScript.ts using Guid(3d25bf9424e714998970af8697d33163) Importer(815301076,1909f56bfc062723c751e8b465ee728b)  -> (artifact id: '16e0e67745ddc620331c36c96a51cbd0') in 0.036349 seconds
  Import took 0.039473 seconds .

